2025-04-15 09:50:55,679 - INFO - Scraping started
2025-04-15 09:50:56,780 - WARNING - No jobs scraped
2025-04-15 09:50:56,780 - INFO - Scheduler running...
2025-04-15 10:13:34,144 - INFO - Scraping started
2025-04-15 10:13:35,151 - WARNING - No jobs scraped
2025-04-15 10:13:35,152 - INFO - Scheduler running...
2025-04-15 10:32:05,964 - INFO - Starting job scraping...
2025-04-15 10:32:06,927 - INFO - Scraping complete. Data saved to scraped_data.csv
2025-04-15 10:33:33,671 - INFO - Starting job scraping...
2025-04-15 10:33:34,547 - INFO - Scraping complete. Data saved to scraped_data.csv
2025-04-15 10:38:59,802 - INFO - Starting job scraping...
2025-04-15 10:39:00,812 - INFO - Scraping complete. Data saved to scraped_data.csv
2025-04-15 10:50:46,671 - INFO - Starting job scraping...
2025-04-15 10:50:47,865 - INFO - Scraping complete. Data saved to scraped_data.csv
2025-04-15 10:55:28,681 - INFO - Starting job scraping...
2025-04-15 10:55:29,603 - INFO - Scraping complete. Data saved to scraped_data.csv
2025-04-15 10:57:47,258 - INFO - Starting job scraping...
2025-04-15 10:57:48,170 - INFO - Scraping complete. Data saved to scraped_data.csv
2025-04-15 11:01:55,816 - INFO - Starting job scraping...
2025-04-15 11:01:56,693 - INFO - Scraping complete. Data saved to scraped_data.csv
